<?xml version="1.0" encoding="UTF-8"?>
<testng-results skipped="0" failed="0" total="1" passed="1">
  <reporter-output>
  </reporter-output>
  <suite name="Default suite" duration-ms="52" started-at="2018-07-01T10:29:25Z" finished-at="2018-07-01T10:29:25Z">
    <groups>
    </groups>
    <test name="Default test" duration-ms="52" started-at="2018-07-01T10:29:25Z" finished-at="2018-07-01T10:29:25Z">
      <class name="com.dummy.TestTwo">
        <test-method status="PASS" signature="startReport()[pri:0, instance:com.dummy.TestTwo@6a41eaa2]" name="startReport" is-config="true" duration-ms="599" started-at="2018-07-01T15:59:25Z" finished-at="2018-07-01T15:59:25Z">
          <reporter-output>
          </reporter-output>
        </test-method> <!-- startReport -->
        <test-method status="PASS" signature="verifysum()[pri:0, instance:com.dummy.TestTwo@6a41eaa2]" name="verifysum" duration-ms="24" started-at="2018-07-01T15:59:25Z" finished-at="2018-07-01T15:59:25Z">
          <reporter-output>
          </reporter-output>
        </test-method> <!-- verifysum -->
        <test-method status="PASS" signature="getResult(org.testng.ITestResult)[pri:0, instance:com.dummy.TestTwo@6a41eaa2]" name="getResult" is-config="true" duration-ms="0" started-at="2018-07-01T15:59:25Z" finished-at="2018-07-01T15:59:25Z">
          <params>
            <param index="0">
              <value>
                <![CDATA[[TestResult name=verifysum status=SUCCESS method=TestTwo.verifysum()[pri:0, instance:com.dummy.TestTwo@6a41eaa2] output={null}]]]>
              </value>
            </param>
          </params>
          <reporter-output>
          </reporter-output>
        </test-method> <!-- getResult -->
        <test-method status="PASS" signature="endReport()[pri:0, instance:com.dummy.TestTwo@6a41eaa2]" name="endReport" is-config="true" duration-ms="694" started-at="2018-07-01T15:59:25Z" finished-at="2018-07-01T15:59:26Z">
          <reporter-output>
          </reporter-output>
        </test-method> <!-- endReport -->
      </class> <!-- com.dummy.TestTwo -->
    </test> <!-- Default test -->
  </suite> <!-- Default suite -->
</testng-results>
